SF:lib/presenter/mock_task_repo.dart
DA:8,1
DA:10,4
DA:14,4
DA:16,1
DA:17,1
DA:29,1
DA:42,1
DA:55,1
LF:8
LH:8
end_of_record
SF:lib/main.dart
DA:13,0
DA:14,0
DA:15,0
DA:20,0
DA:22,0
DA:23,0
DA:24,0
DA:25,0
DA:27,0
DA:28,0
DA:31,0
DA:34,0
DA:36,0
DA:38,0
LF:14
LH:0
end_of_record
SF:lib/presenter/bloc/observer.dart
DA:4,0
DA:6,0
DA:7,0
DA:10,0
DA:12,0
DA:13,0
DA:16,0
DA:18,0
DA:19,0
DA:22,0
DA:24,0
DA:25,0
DA:28,0
DA:30,0
DA:31,0
DA:34,0
DA:36,0
DA:37,0
LF:18
LH:0
end_of_record
SF:lib/presenter/player/player_bloc.dart
DA:9,3
DA:12,1
DA:13,1
DA:15,1
DA:16,0
DA:17,1
DA:18,0
DA:19,0
DA:21,1
DA:22,2
DA:23,1
DA:24,0
DA:25,0
DA:26,0
DA:29,0
DA:32,2
DA:34,1
DA:35,1
LF:18
LH:11
end_of_record
SF:lib/presenter/repo.dart
DA:12,0
DA:13,0
DA:14,0
DA:15,0
LF:4
LH:0
end_of_record
SF:lib/view/home_screen.dart
DA:16,0
DA:17,0
DA:20,0
DA:36,0
DA:38,0
DA:39,0
DA:40,0
DA:42,0
DA:43,0
DA:46,0
DA:48,0
DA:49,0
DA:52,0
DA:53,0
DA:54,0
DA:55,0
DA:56,0
DA:57,0
DA:62,0
DA:63,0
DA:64,0
DA:65,0
DA:68,0
DA:69,0
DA:70,0
DA:74,0
DA:75,0
DA:76,0
DA:77,0
DA:80,0
DA:82,0
DA:83,0
DA:84,0
DA:85,0
DA:86,0
DA:87,0
DA:89,0
DA:91,0
DA:97,0
DA:98,0
DA:99,0
DA:100,0
DA:101,0
DA:102,0
DA:105,0
DA:110,0
DA:111,0
DA:112,0
DA:113,0
DA:114,0
DA:117,0
DA:118,0
DA:120,0
DA:121,0
DA:123,0
DA:129,0
DA:132,0
DA:133,0
DA:134,0
DA:135,0
DA:139,0
DA:140,0
DA:141,0
DA:142,0
DA:143,0
DA:145,0
DA:146,0
DA:147,0
DA:148,0
DA:149,0
DA:150,0
DA:153,0
DA:157,0
DA:158,0
DA:159,0
DA:160,0
DA:161,0
DA:163,0
DA:167,0
DA:168,0
DA:169,0
DA:171,0
DA:173,0
DA:174,0
DA:176,0
DA:177,0
DA:178,0
DA:179,0
DA:181,0
DA:186,0
DA:190,0
DA:194,0
DA:195,0
DA:196,0
DA:197,0
DA:198,0
DA:200,0
DA:201,0
DA:202,0
DA:203,0
DA:204,0
DA:207,0
DA:210,0
DA:212,0
DA:213,0
DA:215,0
DA:218,0
DA:221,0
DA:223,0
DA:226,0
DA:229,0
DA:230,0
DA:231,0
DA:232,0
DA:233,0
DA:234,0
DA:235,0
DA:240,0
DA:241,0
DA:242,0
DA:246,0
DA:249,0
DA:250,0
DA:251,0
DA:252,0
DA:255,0
DA:257,0
DA:258,0
DA:263,0
DA:264,0
DA:265,0
DA:266,0
DA:267,0
DA:268,0
LF:134
LH:0
end_of_record
SF:lib/presenter/player/player_state.dart
DA:5,1
DA:7,1
DA:8,1
DA:22,1
DA:28,0
DA:34,0
DA:35,0
DA:36,0
DA:37,0
DA:41,1
DA:42,1
DA:43,1
DA:44,1
DA:45,1
DA:48,1
DA:50,3
LF:16
LH:11
end_of_record
SF:lib/presenter/track/track_repo.dart
DA:13,0
DA:14,0
DA:15,0
DA:16,0
LF:4
LH:0
end_of_record
SF:lib/model/api_response.dart
DA:6,2
DA:7,2
DA:8,1
DA:9,2
DA:10,1
DA:11,1
DA:12,1
DA:13,1
DA:14,1
DA:16,0
DA:18,1
DA:19,2
DA:20,1
DA:21,2
DA:22,3
DA:23,3
DA:28,0
DA:29,0
DA:30,0
DA:31,0
DA:32,0
LF:21
LH:15
end_of_record
SF:lib/model/result_data.dart
DA:13,0
DA:15,0
DA:26,1
DA:27,2
DA:28,2
DA:29,2
DA:30,2
DA:31,2
DA:32,2
DA:33,2
DA:34,2
DA:37,0
DA:38,0
DA:39,0
DA:40,0
DA:41,0
DA:42,0
DA:43,0
DA:44,0
DA:45,0
DA:46,0
DA:50,0
DA:51,0
LF:23
LH:9
end_of_record
SF:lib/presenter/track/track_event.dart
DA:4,0
DA:5,0
DA:12,1
DA:16,0
DA:17,0
DA:19,0
DA:20,0
LF:7
LH:1
end_of_record
SF:lib/presenter/track/track_state.dart
DA:5,1
DA:7,1
DA:8,1
DA:21,1
DA:26,1
DA:27,3
DA:29,1
DA:30,3
LF:8
LH:8
end_of_record
SF:lib/presenter/track/track_bloc.dart
DA:9,1
DA:10,0
DA:11,2
DA:16,1
DA:17,1
DA:19,1
DA:20,1
DA:21,0
DA:23,2
DA:25,4
DA:26,2
DA:27,2
DA:29,0
LF:13
LH:10
end_of_record
SF:lib/presenter/player/player_event.dart
DA:5,0
DA:6,0
DA:19,1
DA:24,0
DA:25,0
DA:27,0
DA:28,0
LF:7
LH:1
end_of_record
SF:lib/presenter/state.dart
DA:7,0
DA:8,0
DA:16,0
DA:20,0
DA:21,0
LF:5
LH:0
end_of_record
SF:lib/view/player_view.dart
DA:12,0
DA:16,0
DA:18,0
DA:19,0
DA:20,0
DA:21,0
DA:22,0
DA:23,0
DA:24,0
DA:29,0
DA:32,0
DA:33,0
DA:38,0
DA:40,0
DA:43,0
DA:44,0
DA:47,0
DA:48,0
DA:50,0
DA:55,0
DA:58,0
DA:59,0
DA:61,0
DA:62,0
DA:66,0
DA:67,0
DA:68,0
DA:70,0
DA:75,0
DA:82,0
DA:83,0
DA:84,0
DA:86,0
DA:88,0
DA:89,0
DA:90,0
DA:91,0
DA:92,0
DA:93,0
DA:94,0
DA:99,0
LF:41
LH:0
end_of_record
SF:lib/view/item_view.dart
DA:8,0
DA:15,0
DA:17,0
DA:18,0
DA:22,0
DA:24,0
DA:25,0
DA:26,0
DA:28,0
DA:29,0
DA:30,0
DA:31,0
DA:35,0
DA:36,0
DA:37,0
DA:38,0
DA:43,0
DA:46,0
DA:50,0
DA:52,0
DA:53,0
DA:56,0
DA:57,0
DA:59,0
DA:62,0
DA:65,0
DA:66,0
DA:68,0
DA:69,0
DA:73,0
DA:74,0
DA:76,0
DA:77,0
DA:78,0
DA:79,0
DA:81,0
DA:87,0
DA:91,0
DA:97,0
DA:98,0
DA:103,0
LF:41
LH:0
end_of_record
